{"name": "test_01_login[param0]", "status": "failed", "statusDetails": {"message": "AssertionError: assert None is not None", "trace": "self = <tcases.login.test_login.TestLogin object at 0x000001C9C8202A70>, param = {'code': '123', 'password': 'Tcsk2021!', 'user_name': 'admin'}\n\n    @pytest.mark.parametrize('param', readJson(pconst.const_json_login))\n    def test_01_login(self, param):\n        self.plogin.open_url(pconst.const_url)\n        sleep(1)\n        self.plogin.input_user_pass(param['user_name'], param['password'], param['code'])\n        sleep(1)\n        self.plogin.button_login()\n        sleep(1)\n        cpjx = self.plogin.get_cpjx()\n>       assert cpjx is not None\nE       assert None is not None\n\ntcases\\login\\test_login.py:31: AssertionError"}, "attachments": [{"name": "stdout", "source": "5ea6bb45-48cc-4ad7-9e4a-dd02c69ae1e9-attachment.txt", "type": "text/plain"}], "parameters": [{"name": "param", "value": "{'user_name': 'admin', 'password': 'Tcsk2021!', 'code': '123'}"}], "start": 1677632784643, "stop": 1677632806257, "uuid": "28f4aba5-74e1-4cf4-a75b-47c9aa78441e", "historyId": "ac15b184691d67fa6acdbcfe0610fbd2", "testCaseId": "6d12f61ed2317ea7b8ec4b42839c75e3", "fullName": "tcases.login.test_login.TestLogin#test_01_login", "labels": [{"name": "parentSuite", "value": "tcases.login"}, {"name": "suite", "value": "test_login"}, {"name": "subSuite", "value": "TestLogin"}, {"name": "host", "value": "sh-szkj-qiaojl"}, {"name": "thread", "value": "34048-MainThread"}, {"name": "framework", "value": "pytest"}, {"name": "language", "value": "cpython3"}, {"name": "package", "value": "tcases.login.test_login"}]}