{"name": "test_01_comp_query[param0]", "status": "failed", "statusDetails": {"message": "AssertionError: assert None is not None", "trace": "self = <tcases.sup.test_sup_query.TestSupQuery object at 0x000001C9C823D060>, param = {'code': 5555223244, 'contacts': 123123, 'name': 1321321224, 'phone': 18700894367}\n\n    @pytest.mark.parametrize('param', readJson(pconst.const_json_sup_add))\n    def test_01_comp_query(self, param):\n        self.pcompQuery.query_sup(param[\"name\"])\n        success_text = self.pcompQuery.get_success_text()\n>       assert success_text is not None\nE       assert None is not None\n\ntcases\\sup\\test_sup_query.py:34: AssertionError"}, "attachments": [{"name": "stdout", "source": "3070075c-ed1f-4e8e-87ad-216d5c20dd70-attachment.txt", "type": "text/plain"}], "parameters": [{"name": "param", "value": "{'name': 1321321224, 'code': 5555223244, 'contacts': 123123, 'phone': 18700894367}"}], "start": 1677632894529, "stop": 1677632908485, "uuid": "88cb71c6-f837-4e63-b29f-362baeba287a", "historyId": "7119d851a33f9c590502ea922acc32bf", "testCaseId": "cebddafaf2b7f25e6ee7b3e50bfc0c46", "fullName": "tcases.sup.test_sup_query.TestSupQuery#test_01_comp_query", "labels": [{"name": "parentSuite", "value": "tcases.sup"}, {"name": "suite", "value": "test_sup_query"}, {"name": "subSuite", "value": "TestSupQuery"}, {"name": "host", "value": "sh-szkj-qiaojl"}, {"name": "thread", "value": "34048-MainThread"}, {"name": "framework", "value": "pytest"}, {"name": "language", "value": "cpython3"}, {"name": "package", "value": "tcases.sup.test_sup_query"}]}