{"name": "test_01_comp_query[param0]", "status": "failed", "statusDetails": {"message": "AssertionError: assert None is not None", "trace": "self = <tcases.sup.test_sup_query.TestSupQuery object at 0x00000148A0D1B970>, param = {'code': 20200, 'contacts': 13825, 'name': '测试供应商', 'phone': 18700894367}\n\n    @pytest.mark.parametrize('param', readJson(pconst.const_json_sup_add))\n    def test_01_comp_query(self, param):\n        self.pcompQuery.query_sup(param[\"name\"])\n        success_text = self.pcompQuery.get_success_text()\n>       assert success_text is not None\nE       assert None is not None\n\ntcases\\sup\\test_sup_query.py:34: AssertionError"}, "parameters": [{"name": "param", "value": "{'name': '测试供应商', 'code': 20200, 'contacts': 13825, 'phone': 18700894367}"}], "start": 1677719910892, "stop": 1677719924730, "uuid": "7875d376-2a66-498b-adc6-e51b4bf0b15b", "historyId": "7119d851a33f9c590502ea922acc32bf", "testCaseId": "cebddafaf2b7f25e6ee7b3e50bfc0c46", "fullName": "tcases.sup.test_sup_query.TestSupQuery#test_01_comp_query", "labels": [{"name": "parentSuite", "value": "tcases.sup"}, {"name": "suite", "value": "test_sup_query"}, {"name": "subSuite", "value": "TestSupQuery"}, {"name": "host", "value": "sh-szkj-qiaojl"}, {"name": "thread", "value": "73120-MainThread"}, {"name": "framework", "value": "pytest"}, {"name": "language", "value": "cpython3"}, {"name": "package", "value": "tcases.sup.test_sup_query"}]}