{"name": "test_01_comp_add[param0]", "status": "failed", "statusDetails": {"message": "AssertionError: assert None is not None", "trace": "self = <tcases.sup.test_sup_add.TestSupAdd object at 0x000001476FA78370>, param = {'code': 20200, 'contacts': 13825, 'name': '测试供应商', 'phone': 18700894367}\n\n    @pytest.mark.parametrize('param', readJson(pconst.const_json_sup_add))\n    def test_01_comp_add(self, param):\n        self.pcompAdd.click_new()\n        sleep(1)\n        self.pcompAdd.input_form_text(param['name'], param['code'], param['contacts'], param['phone'])\n        sleep(1)\n        self.pcompAdd.click_submit()\n        success_text = self.pcompAdd.get_success_text()\n>       assert success_text is not None\nE       assert None is not None\n\ntcases\\sup\\test_sup_add.py:38: AssertionError"}, "parameters": [{"name": "param", "value": "{'name': '测试供应商', 'code': 20200, 'contacts': 13825, 'phone': 18700894367}"}], "start": 1677720140110, "stop": 1677720154378, "uuid": "b53d980c-0337-49af-9807-18eae980e5b5", "historyId": "c9ebc1351d7f1e61f5a5201aaaf0a2f0", "testCaseId": "39564f4861f754bda76d59294449b3bd", "fullName": "tcases.sup.test_sup_add.TestSupAdd#test_01_comp_add", "labels": [{"name": "parentSuite", "value": "tcases.sup"}, {"name": "suite", "value": "test_sup_add"}, {"name": "subSuite", "value": "TestSupAdd"}, {"name": "host", "value": "sh-szkj-qiaojl"}, {"name": "thread", "value": "64948-MainThread"}, {"name": "framework", "value": "pytest"}, {"name": "language", "value": "cpython3"}, {"name": "package", "value": "tcases.sup.test_sup_add"}]}